<?xml version="1.0" encoding="UTF-8"?>
<!-- Generated by org.testng.reporters.JUnitXMLReporter -->
<testsuite ignored="0" hostname="Surajs-MBP.lan" failures="0" tests="2" name="Testing on chrome" time="13.687" errors="0" timestamp="2024-09-24T18:47:05 GMT-07:00">
  <testcase classname="mavendemoproject.MavenProject.TestCase1_Register" name="Registration" time="1.388"/>
  <testcase classname="mavendemoproject.MavenProject.TestCase2_Successful_Login" name="login" time="2.131"/>
</testsuite> <!-- Testing on chrome -->
