<?xml version="1.0" encoding="UTF-8"?>
<testsuite xmlns:xsi="http://www.w3.org/2001/XMLSchema-instance" xsi:noNamespaceSchemaLocation="https://maven.apache.org/surefire/maven-surefire-plugin/xsd/surefire-test-report-3.0.xsd" version="3.0" name="TestSuite" time="14.143" tests="2" errors="0" skipped="0" failures="0">
  <properties>
[...]
</properties>
  <testcase name="Registration" classname="mavendemoproject.MavenProject.TestCase1_Register" time="1.391">
    <system-err><![CDATA[SLF4J: Failed to load class "org.slf4j.impl.StaticLoggerBinder".
SLF4J: Defaulting to no-operation (NOP) logger implementation
SLF4J: See http://www.slf4j.org/codes.html#StaticLoggerBinder for further details.
Sep 24, 2024 6:46:55 PM org.openqa.selenium.devtools.CdpVersionFinder findNearestMatch
WARNING: Unable to find an exact match for CDP version 129, returning the closest version; found: 128; Please update to a Selenium version that supports CDP version 129
]]></system-err>
  </testcase>
  <testcase name="login" classname="mavendemoproject.MavenProject.TestCase2_Successful_Login" time="2.13">
    <system-err><![CDATA[Sep 24, 2024 6:47:00 PM org.openqa.selenium.devtools.CdpVersionFinder findNearestMatch
WARNING: Unable to find an exact match for CDP version 129, returning the closest version; found: 128; Please update to a Selenium version that supports CDP version 129
]]></system-err>
  </testcase>
</testsuite>